<?xml version="1.0" encoding="UTF-8"?>
<!-- Generated by org.testng.reporters.JUnitReportReporter -->
<testsuite skipped="0" hostname="Claudinha-PC" name="br.com.pageObjectsSelenium.test.TestNGPageObjectsSelenium" tests="1" failures="0" timestamp="4 Oct 2016 03:20:13 GMT" time="9.088" errors="0">
  <testcase name="test" time="9.088" classname="br.com.pageObjectsSelenium.test.TestNGPageObjectsSelenium"/>
</testsuite> <!-- br.com.pageObjectsSelenium.test.TestNGPageObjectsSelenium -->
